<?xml version="1.0" encoding="UTF-8"?>
<testng-results ignored="0" total="2" passed="2" failed="0" skipped="0">
  <reporter-output>
  </reporter-output>
  <suite started-at="2025-01-02T23:32:00 IST" name="Suite" finished-at="2025-01-02T23:32:17 IST" duration-ms="17009">
    <groups>
      <group name="regression">
        <method signature="TC001_AccountRegistrationTest.verify_AccountRegistration()[pri:0, instance:testCases.TC001_AccountRegistrationTest@7331196b]" name="verify_AccountRegistration" class="testCases.TC001_AccountRegistrationTest"/>
      </group> <!-- regression -->
      <group name="sanity">
        <method signature="TC002_LoginTest.Verify_Login()[pri:0, instance:testCases.TC002_LoginTest@3d3e5463]" name="Verify_Login" class="testCases.TC002_LoginTest"/>
      </group> <!-- sanity -->
      <group name="master">
        <method signature="TC001_AccountRegistrationTest.verify_AccountRegistration()[pri:0, instance:testCases.TC001_AccountRegistrationTest@7331196b]" name="verify_AccountRegistration" class="testCases.TC001_AccountRegistrationTest"/>
        <method signature="TC002_LoginTest.Verify_Login()[pri:0, instance:testCases.TC002_LoginTest@3d3e5463]" name="Verify_Login" class="testCases.TC002_LoginTest"/>
      </group> <!-- master -->
    </groups>
    <test started-at="2025-01-02T23:32:00 IST" name="Test" finished-at="2025-01-02T23:32:17 IST" duration-ms="17009">
      <class name="testCases.TC002_LoginTest">
        <test-method is-config="true" signature="setUp(java.lang.String,java.lang.String)[pri:0, instance:testCases.TC002_LoginTest@3d3e5463]" started-at="2025-01-02T23:32:13 IST" name="setUp" finished-at="2025-01-02T23:32:15 IST" duration-ms="2171" status="PASS">
          <params>
            <param index="0">
              <value>
                <![CDATA[window]]>
              </value>
            </param>
            <param index="1">
              <value>
                <![CDATA[chrome]]>
              </value>
            </param>
          </params>
          <reporter-output>
          </reporter-output>
        </test-method> <!-- setUp -->
        <test-method signature="Verify_Login()[pri:0, instance:testCases.TC002_LoginTest@3d3e5463]" started-at="2025-01-02T23:32:15 IST" name="Verify_Login" finished-at="2025-01-02T23:32:17 IST" duration-ms="1702" status="PASS">
          <reporter-output>
          </reporter-output>
        </test-method> <!-- Verify_Login -->
        <test-method is-config="true" signature="tearDown()[pri:0, instance:testCases.TC002_LoginTest@3d3e5463]" started-at="2025-01-02T23:32:17 IST" name="tearDown" finished-at="2025-01-02T23:32:17 IST" duration-ms="224" status="PASS">
          <reporter-output>
          </reporter-output>
        </test-method> <!-- tearDown -->
      </class> <!-- testCases.TC002_LoginTest -->
      <class name="testCases.TC001_AccountRegistrationTest">
        <test-method is-config="true" signature="setUp(java.lang.String,java.lang.String)[pri:0, instance:testCases.TC001_AccountRegistrationTest@7331196b]" started-at="2025-01-02T23:32:01 IST" name="setUp" finished-at="2025-01-02T23:32:04 IST" duration-ms="3548" status="PASS">
          <params>
            <param index="0">
              <value>
                <![CDATA[window]]>
              </value>
            </param>
            <param index="1">
              <value>
                <![CDATA[chrome]]>
              </value>
            </param>
          </params>
          <reporter-output>
          </reporter-output>
        </test-method> <!-- setUp -->
        <test-method signature="verify_AccountRegistration()[pri:0, instance:testCases.TC001_AccountRegistrationTest@7331196b]" started-at="2025-01-02T23:32:04 IST" name="verify_AccountRegistration" finished-at="2025-01-02T23:32:13 IST" duration-ms="8549" status="PASS">
          <reporter-output>
          </reporter-output>
        </test-method> <!-- verify_AccountRegistration -->
        <test-method is-config="true" signature="tearDown()[pri:0, instance:testCases.TC001_AccountRegistrationTest@7331196b]" started-at="2025-01-02T23:32:13 IST" name="tearDown" finished-at="2025-01-02T23:32:13 IST" duration-ms="345" status="PASS">
          <reporter-output>
          </reporter-output>
        </test-method> <!-- tearDown -->
      </class> <!-- testCases.TC001_AccountRegistrationTest -->
    </test> <!-- Test -->
  </suite> <!-- Suite -->
</testng-results>
